<?xml version="1.0" encoding="UTF-8"?>
<!-- Generated by org.testng.reporters.JUnitXMLReporter -->
<testsuite ignored="4" hostname="DESKTOP-5NU9MOJ" failures="1" tests="7" name="Test2" time="21.399" errors="0" timestamp="2023-01-11T12:30:47 IST">
  <testcase classname="com.societymanagement.genrics.BaseClass" name="@BeforeMethod loginToApp" time="0.005">
    <failure type="java.lang.NullPointerException" message="Cannot invoke &amp;quot;org.openqa.selenium.WebDriver.get(String)&amp;quot; because &amp;quot;this.driver&amp;quot; is null">
      <![CDATA[java.lang.NullPointerException: Cannot invoke "org.openqa.selenium.WebDriver.get(String)" because "this.driver" is null
at com.societymanagement.genrics.BaseClass.loginToApp(BaseClass.java:58)
at java.base/java.util.ArrayList.forEach(ArrayList.java:1511)
at java.base/java.util.concurrent.FutureTask.run(FutureTask.java:264)
at java.base/java.util.concurrent.ThreadPoolExecutor.runWorker(ThreadPoolExecutor.java:1136)
at java.base/java.util.concurrent.ThreadPoolExecutor$Worker.run(ThreadPoolExecutor.java:635)
at java.base/java.lang.Thread.run(Thread.java:833)
... Removed 22 stack frames]]>
    </failure>
  </testcase> <!-- @BeforeMethod loginToApp -->
  <testcase classname="com.societymanagement.genrics.BaseClass" name="@AfterMethod logoutFromApp" time="-1.673420447067E9">
    <skipped/>
  </testcase> <!-- @AfterMethod logoutFromApp -->
  <testcase classname="com.societymanagement.genrics.BaseClass" name="@BeforeMethod loginToApp" time="-1.673420447072E9">
    <skipped/>
  </testcase> <!-- @BeforeMethod loginToApp -->
  <testcase classname="com.societymanagement.genrics.BaseClass" name="@AfterMethod logoutFromApp" time="-1.673420447079E9">
    <skipped/>
  </testcase> <!-- @AfterMethod logoutFromApp -->
  <testcase classname="com.societyManagment.accounts.testscript.createSearchAndDeleteStudentTest" name="createStudent" time="16.395">
    <failure type="org.openqa.selenium.NoSuchElementException" message="no such element: Unable to locate element: {&amp;quot;method&amp;quot;:&amp;quot;xpath&amp;quot;,&amp;quot;selector&amp;quot;:&amp;quot;//td[.=&amp;apos;32852123&amp;apos;]&amp;quot;}
  (Session info: chrome=108.0.5359.125)
For documentation on this error, please visit: https://selenium.dev/exceptions/#no_such_element
Build info: version: &amp;apos;4.3.0&amp;apos;, revision: &amp;apos;a4995e2c09*&amp;apos;
System info: host: &amp;apos;DESKTOP-5NU9MOJ&amp;apos;, ip: &amp;apos;192.168.0.165&amp;apos;, os.name: &amp;apos;Windows 10&amp;apos;, os.arch: &amp;apos;amd64&amp;apos;, os.version: &amp;apos;10.0&amp;apos;, java.version: &amp;apos;17.0.5&amp;apos;
Driver info: org.openqa.selenium.chrome.ChromeDriver
Command: [cccbae44445b12d5f9ef8bdb9680b2aa, findElement {using=xpath, value=//td[.=&amp;apos;32852123&amp;apos;]}]
Capabilities {acceptInsecureCerts: false, browserName: chrome, browserVersion: 108.0.5359.125, chrome: {chromedriverVersion: 108.0.5359.22 (ec46c90f5938..., userDataDir: C:\Users\hp\AppData\Local\T...}, goog:chromeOptions: {debuggerAddress: localhost:64064}, networkConnectionEnabled: false, pageLoadStrategy: normal, platformName: WINDOWS, proxy: Proxy(), se:cdp: ws://localhost:64064/devtoo..., se:cdpVersion: 108.0.5359.125, setWindowRect: true, strictFileInteractability: false, timeouts: {implicit: 0, pageLoad: 300000, script: 30000}, unhandledPromptBehavior: dismiss and notify, webauthn:extension:credBlob: true, webauthn:extension:largeBlob: true, webauthn:virtualAuthenticators: true}
Session ID: cccbae44445b12d5f9ef8bdb9680b2aa">
      <![CDATA[org.openqa.selenium.NoSuchElementException: no such element: Unable to locate element: {"method":"xpath","selector":"//td[.='32852123']"}
  (Session info: chrome=108.0.5359.125)
For documentation on this error, please visit: https://selenium.dev/exceptions/#no_such_element
Build info: version: '4.3.0', revision: 'a4995e2c09*'
System info: host: 'DESKTOP-5NU9MOJ', ip: '192.168.0.165', os.name: 'Windows 10', os.arch: 'amd64', os.version: '10.0', java.version: '17.0.5'
Driver info: org.openqa.selenium.chrome.ChromeDriver
Command: [cccbae44445b12d5f9ef8bdb9680b2aa, findElement {using=xpath, value=//td[.='32852123']}]
Capabilities {acceptInsecureCerts: false, browserName: chrome, browserVersion: 108.0.5359.125, chrome: {chromedriverVersion: 108.0.5359.22 (ec46c90f5938..., userDataDir: C:\Users\hp\AppData\Local\T...}, goog:chromeOptions: {debuggerAddress: localhost:64064}, networkConnectionEnabled: false, pageLoadStrategy: normal, platformName: WINDOWS, proxy: Proxy(), se:cdp: ws://localhost:64064/devtoo..., se:cdpVersion: 108.0.5359.125, setWindowRect: true, strictFileInteractability: false, timeouts: {implicit: 0, pageLoad: 300000, script: 30000}, unhandledPromptBehavior: dismiss and notify, webauthn:extension:credBlob: true, webauthn:extension:largeBlob: true, webauthn:virtualAuthenticators: true}
Session ID: cccbae44445b12d5f9ef8bdb9680b2aa
at org.openqa.selenium.remote.codec.w3c.W3CHttpResponseCodec.createException(W3CHttpResponseCodec.java:200)
at org.openqa.selenium.remote.codec.w3c.W3CHttpResponseCodec.decode(W3CHttpResponseCodec.java:133)
at org.openqa.selenium.remote.codec.w3c.W3CHttpResponseCodec.decode(W3CHttpResponseCodec.java:53)
at org.openqa.selenium.remote.HttpCommandExecutor.execute(HttpCommandExecutor.java:184)
at org.openqa.selenium.remote.service.DriverCommandExecutor.invokeExecute(DriverCommandExecutor.java:167)
at org.openqa.selenium.remote.service.DriverCommandExecutor.execute(DriverCommandExecutor.java:142)
at org.openqa.selenium.remote.RemoteWebDriver.execute(RemoteWebDriver.java:569)
at org.openqa.selenium.remote.ElementLocation$ElementFinder$2.findElement(ElementLocation.java:162)
at org.openqa.selenium.remote.ElementLocation.findElement(ElementLocation.java:60)
at org.openqa.selenium.remote.RemoteWebDriver.findElement(RemoteWebDriver.java:387)
at org.openqa.selenium.remote.RemoteWebDriver.findElement(RemoteWebDriver.java:379)
at com.societymanagement.pom.StudentPage.verifyStudent(StudentPage.java:104)
at com.societyManagment.accounts.testscript.createSearchAndDeleteStudentTest.createStudent(createSearchAndDeleteStudentTest.java:33)
at java.base/java.util.ArrayList.forEach(ArrayList.java:1511)
at java.base/java.util.concurrent.FutureTask.run(FutureTask.java:264)
at java.base/java.util.concurrent.ThreadPoolExecutor.runWorker(ThreadPoolExecutor.java:1136)
at java.base/java.util.concurrent.ThreadPoolExecutor$Worker.run(ThreadPoolExecutor.java:635)
at java.base/java.lang.Thread.run(Thread.java:833)
... Removed 23 stack frames]]>
    </failure>
  </testcase> <!-- createStudent -->
  <testcase classname="com.societyManagment.accounts.testscript.createSearchAndDeleteAdminTest" name="createAdministrator" time="0.0">
    <skipped/>
  </testcase> <!-- createAdministrator -->
  <testcase classname="com.societyManagment.accounts.testscript.createSearchAndDeleteAdminTest" name="printAllAdmin" time="0.0">
    <skipped/>
  </testcase> <!-- printAllAdmin -->
  <testcase classname="com.societyManagment.accounts.testscript.createSearchAndDeleteStudentTest" name="searchStudent" time="0.0">
    <skipped/>
  </testcase> <!-- searchStudent -->
  <testcase classname="com.societyManagment.accounts.testscript.createSearchAndDeleteAdminTest" name="searchAdmin" time="0.0">
    <skipped/>
  </testcase> <!-- searchAdmin -->
  <testcase classname="com.societyManagment.accounts.testscript.createSearchAndDeleteStudentTest" name="deleteStudent" time="0.0">
    <skipped/>
  </testcase> <!-- deleteStudent -->
  <testcase classname="com.societyManagment.accounts.testscript.createSearchAndDeleteAdminTest" name="deleteAdmin" time="0.0">
    <skipped/>
  </testcase> <!-- deleteAdmin -->
  <testcase classname="com.societymanagement.genrics.BaseClass" name="@AfterSuite tearDownDb" time="0.0">
    <ignored/>
  </testcase> <!-- @AfterSuite tearDownDb -->
  <testcase classname="com.societymanagement.genrics.BaseClass" name="@AfterTest tearDownApplication" time="0.0">
    <ignored/>
  </testcase> <!-- @AfterTest tearDownApplication -->
  <testcase classname="com.societymanagement.genrics.BaseClass" name="@BeforeTest launchBrowser" time="0.0">
    <ignored/>
  </testcase> <!-- @BeforeTest launchBrowser -->
  <testcase classname="com.societymanagement.genrics.BaseClass" name="@BeforeSuite connectToDb" time="0.0">
    <ignored/>
  </testcase> <!-- @BeforeSuite connectToDb -->
</testsuite> <!-- Test2 -->
