<!DOCTYPE html PUBLIC "-//W3C//DTD XHTML 1.1//EN" "https://www.w3.org/TR/xhtml11/DTD/xhtml11.dtd">
<html xmlns="https://www.w3.org/1999/xhtml">
<head>
<meta http-equiv="content-type" content="text/html; charset=UTF-8"/>
<title>TestNG Report</title>
<style type="text/css">table {margin-bottom:10px;border-collapse:collapse;empty-cells:show}th,td {border:1px solid #009;padding:.25em .5em}th {vertical-align:bottom}td {vertical-align:top}table a {font-weight:bold}.stripe td {background-color: #E6EBF9}.num {text-align:right}.passedodd td {background-color: #3F3}.passedeven td {background-color: #0A0}.skippedodd td {background-color: #DDD}.skippedeven td {background-color: #CCC}.failedodd td,.attn {background-color: #F33}.failedeven td,.stripe .attn {background-color: #D00}.stacktrace {white-space:pre;font-family:monospace}.totop {font-size:85%;text-align:center;border-bottom:2px solid #000}.invisible {display:none}</style>
</head>
<body>
<table>
<tr><th>Test</th><th># Passed</th><th># Skipped</th><th># Retried</th><th># Failed</th><th>Time (ms)</th><th>Included Groups</th><th>Excluded Groups</th></tr>
<tr><th colspan="8">Suite</th></tr>
<tr><td><a href="#t0">Test</a></td><td class="num">9</td><td class="num">0</td><td class="num">0</td><td class="num attn">1</td><td class="num">82,088</td><td></td><td></td></tr>
</table>
<table id='summary'><thead><tr><th>Class</th><th>Method</th><th>Start</th><th>Time (ms)</th></tr></thead><tbody><tr><th colspan="4">Suite</th></tr></tbody><tbody id="t0"><tr><th colspan="4">Test &#8212; failed (configuration methods)</th></tr><tr class="failedeven"><td rowspan="1">com.SocietyManagementSystem.Activities.testscript.createSearchAndDeleteActivitiesTest</td><td><a href="#m0">logoutFromApp</a></td><td rowspan="1">1673583861242</td><td rowspan="1">1122</td></tr><tr class="failedodd"><td rowspan="1">com.societyManagment.accounts.testscript.createSearchAndDeleteStudentTest</td><td><a href="#m1">logoutFromApp</a></td><td rowspan="1">1673583880254</td><td rowspan="1">1207</td></tr><tr><th colspan="4">Test &#8212; failed</th></tr><tr class="failedeven"><td rowspan="1">com.societyManagment.expensses.testscript.createSearchAndDeleteExpenssesTest</td><td><a href="#m2">createExpensses</a></td><td rowspan="1">1673583834471</td><td rowspan="1">5911</td></tr><tr><th colspan="4">Test &#8212; passed</th></tr><tr class="passedeven"><td rowspan="2">com.SocietyManagementSystem.Activities.testscript.createSearchAndDeleteActivitiesTest</td><td><a href="#m3">createActivites</a></td><td rowspan="1">1673583850934</td><td rowspan="1">5058</td></tr><tr class="passedeven"><td><a href="#m4">searchActivites</a></td><td rowspan="1">1673583856941</td><td rowspan="1">4298</td></tr><tr class="passedodd"><td rowspan="4">com.societyManagment.accounts.testscript.createSearchAndDeleteAdminTest</td><td><a href="#m5">createAdministrator</a></td><td rowspan="1">1673583885258</td><td rowspan="1">8223</td></tr><tr class="passedodd"><td><a href="#m6">deleteAdmin</a></td><td rowspan="1">1673583904320</td><td rowspan="1">5396</td></tr><tr class="passedodd"><td><a href="#m7">printAllAdmin</a></td><td rowspan="1">1673583894338</td><td rowspan="1">4089</td></tr><tr class="passedodd"><td><a href="#m8">searchAdmin</a></td><td rowspan="1">1673583899353</td><td rowspan="1">4150</td></tr><tr class="passedeven"><td rowspan="2">com.societyManagment.accounts.testscript.createSearchAndDeleteStudentTest</td><td><a href="#m9">createStudent</a></td><td rowspan="1">1673583867042</td><td rowspan="1">7630</td></tr><tr class="passedeven"><td><a href="#m10">searchAndDeleteStudent</a></td><td rowspan="1">1673583875696</td><td rowspan="1">4552</td></tr><tr class="passedodd"><td rowspan="1">com.societyManagment.expensses.testscript.createSearchAndDeleteExpenssesTest</td><td><a href="#m11">searchAndDeleteExpensses</a></td><td rowspan="1">1673583841835</td><td rowspan="1">4256</td></tr></tbody>
</table>
<h2>Test</h2><h3 id="m0">com.SocietyManagementSystem.Activities.testscript.createSearchAndDeleteActivitiesTest#logoutFromApp</h3><table class="result"><tr><th>Messages</th></tr><tr><td><div class="messages">logout</div></td></tr><tr><th>Exception</th></tr><tr><td><div class="stacktrace">org.openqa.selenium.ElementClickInterceptedException: element click intercepted: Element &lt;a href=&quot;&quot;&gt;...&lt;/a&gt; is not clickable at point (116, 319). Other element would receive the click: &lt;div class=&quot;modal fade in&quot; id=&quot;delete_activity&quot; tabindex=&quot;-1&quot; role=&quot;dialog&quot; aria-labelledby=&quot;myModallabel&quot; style=&quot;display: block; padding-right: 17px;&quot;&gt;...&lt;/div&gt;
  (Session info: chrome=108.0.5359.125)
Build info: version: &apos;4.3.0&apos;, revision: &apos;a4995e2c09*&apos;
System info: host: &apos;DESKTOP-5NU9MOJ&apos;, ip: &apos;192.168.0.165&apos;, os.name: &apos;Windows 10&apos;, os.arch: &apos;amd64&apos;, os.version: &apos;10.0&apos;, java.version: &apos;17.0.5&apos;
Driver info: org.openqa.selenium.chrome.ChromeDriver
Command: [9a27a02d59cfd65446d095f50a7f26b0, clickElement {id=b34c33f0-c4e1-4959-a625-228e1402e13d}]
Capabilities {acceptInsecureCerts: false, browserName: chrome, browserVersion: 108.0.5359.125, chrome: {chromedriverVersion: 108.0.5359.22 (ec46c90f5938..., userDataDir: C:\Users\hp\AppData\Local\T...}, goog:chromeOptions: {debuggerAddress: localhost:51929}, networkConnectionEnabled: false, pageLoadStrategy: normal, platformName: WINDOWS, proxy: Proxy(), se:cdp: ws://localhost:51929/devtoo..., se:cdpVersion: 108.0.5359.125, setWindowRect: true, strictFileInteractability: false, timeouts: {implicit: 0, pageLoad: 300000, script: 30000}, unhandledPromptBehavior: dismiss and notify, webauthn:extension:credBlob: true, webauthn:extension:largeBlob: true, webauthn:virtualAuthenticators: true}
Element: [[ChromeDriver: chrome on WINDOWS (9a27a02d59cfd65446d095f50a7f26b0)] -&gt; xpath: //a[.=&apos; Options&apos;]]
Session ID: 9a27a02d59cfd65446d095f50a7f26b0
	at org.openqa.selenium.remote.codec.w3c.W3CHttpResponseCodec.createException(W3CHttpResponseCodec.java:200)
	at org.openqa.selenium.remote.codec.w3c.W3CHttpResponseCodec.decode(W3CHttpResponseCodec.java:133)
	at org.openqa.selenium.remote.codec.w3c.W3CHttpResponseCodec.decode(W3CHttpResponseCodec.java:53)
	at org.openqa.selenium.remote.HttpCommandExecutor.execute(HttpCommandExecutor.java:184)
	at org.openqa.selenium.remote.service.DriverCommandExecutor.invokeExecute(DriverCommandExecutor.java:167)
	at org.openqa.selenium.remote.service.DriverCommandExecutor.execute(DriverCommandExecutor.java:142)
	at org.openqa.selenium.remote.RemoteWebDriver.execute(RemoteWebDriver.java:569)
	at org.openqa.selenium.remote.RemoteWebElement.execute(RemoteWebElement.java:257)
	at org.openqa.selenium.remote.RemoteWebElement.click(RemoteWebElement.java:78)
	at org.openqa.selenium.support.pagefactory.internal.LocatingElementHandler.invoke(LocatingElementHandler.java:52)
	at jdk.proxy2/jdk.proxy2.$Proxy22.click(Unknown Source)
	at com.societymanagement.pom.HomePage.clickOnoptionPage(HomePage.java:64)
	at com.societymanagement.genrics.BaseClass.logoutFromApp(BaseClass.java:81)
	at java.base/java.util.ArrayList.forEach(ArrayList.java:1511)
... Removed 40 stack frames</div></td></tr></table><p class="totop"><a href="#summary">back to summary</a></p>
<h3 id="m1">com.societyManagment.accounts.testscript.createSearchAndDeleteStudentTest#logoutFromApp</h3><table class="result"><tr><th>Messages</th></tr><tr><td><div class="messages">logout</div></td></tr><tr><th>Exception</th></tr><tr><td><div class="stacktrace">org.openqa.selenium.ElementClickInterceptedException: element click intercepted: Element &lt;a href=&quot;&quot;&gt;...&lt;/a&gt; is not clickable at point (116, 319). Other element would receive the click: &lt;div class=&quot;modal fade in&quot; id=&quot;delete_student&quot; tabindex=&quot;-1&quot; role=&quot;dialog&quot; aria-labelledby=&quot;myModallabel&quot; style=&quot;display: block; padding-right: 17px;&quot;&gt;...&lt;/div&gt;
  (Session info: chrome=108.0.5359.125)
Build info: version: &apos;4.3.0&apos;, revision: &apos;a4995e2c09*&apos;
System info: host: &apos;DESKTOP-5NU9MOJ&apos;, ip: &apos;192.168.0.165&apos;, os.name: &apos;Windows 10&apos;, os.arch: &apos;amd64&apos;, os.version: &apos;10.0&apos;, java.version: &apos;17.0.5&apos;
Driver info: org.openqa.selenium.chrome.ChromeDriver
Command: [2821dcfdebbe1b482219458f7315a2ab, clickElement {id=83e4a101-8f2f-4cfd-9e59-9095ed7043a1}]
Capabilities {acceptInsecureCerts: false, browserName: chrome, browserVersion: 108.0.5359.125, chrome: {chromedriverVersion: 108.0.5359.22 (ec46c90f5938..., userDataDir: C:\Users\hp\AppData\Local\T...}, goog:chromeOptions: {debuggerAddress: localhost:51950}, networkConnectionEnabled: false, pageLoadStrategy: normal, platformName: WINDOWS, proxy: Proxy(), se:cdp: ws://localhost:51950/devtoo..., se:cdpVersion: 108.0.5359.125, setWindowRect: true, strictFileInteractability: false, timeouts: {implicit: 0, pageLoad: 300000, script: 30000}, unhandledPromptBehavior: dismiss and notify, webauthn:extension:credBlob: true, webauthn:extension:largeBlob: true, webauthn:virtualAuthenticators: true}
Element: [[ChromeDriver: chrome on WINDOWS (2821dcfdebbe1b482219458f7315a2ab)] -&gt; xpath: //a[.=&apos; Options&apos;]]
Session ID: 2821dcfdebbe1b482219458f7315a2ab
	at org.openqa.selenium.remote.codec.w3c.W3CHttpResponseCodec.createException(W3CHttpResponseCodec.java:200)
	at org.openqa.selenium.remote.codec.w3c.W3CHttpResponseCodec.decode(W3CHttpResponseCodec.java:133)
	at org.openqa.selenium.remote.codec.w3c.W3CHttpResponseCodec.decode(W3CHttpResponseCodec.java:53)
	at org.openqa.selenium.remote.HttpCommandExecutor.execute(HttpCommandExecutor.java:184)
	at org.openqa.selenium.remote.service.DriverCommandExecutor.invokeExecute(DriverCommandExecutor.java:167)
	at org.openqa.selenium.remote.service.DriverCommandExecutor.execute(DriverCommandExecutor.java:142)
	at org.openqa.selenium.remote.RemoteWebDriver.execute(RemoteWebDriver.java:569)
	at org.openqa.selenium.remote.RemoteWebElement.execute(RemoteWebElement.java:257)
	at org.openqa.selenium.remote.RemoteWebElement.click(RemoteWebElement.java:78)
	at org.openqa.selenium.support.pagefactory.internal.LocatingElementHandler.invoke(LocatingElementHandler.java:52)
	at jdk.proxy2/jdk.proxy2.$Proxy22.click(Unknown Source)
	at com.societymanagement.pom.HomePage.clickOnoptionPage(HomePage.java:64)
	at com.societymanagement.genrics.BaseClass.logoutFromApp(BaseClass.java:81)
	at java.base/java.util.ArrayList.forEach(ArrayList.java:1511)
... Removed 40 stack frames</div></td></tr></table><p class="totop"><a href="#summary">back to summary</a></p>
<h3 id="m2">com.societyManagment.expensses.testscript.createSearchAndDeleteExpenssesTest#createExpensses</h3><table class="result"><tr><th>Messages</th></tr><tr><td><div class="messages">Expensses created Successfully</div></td></tr><tr><th>Exception</th></tr><tr><td><div class="stacktrace">java.lang.AssertionError: null
	at com.societyManagment.expensses.testscript.createSearchAndDeleteExpenssesTest.createExpensses(createSearchAndDeleteExpenssesTest.java:35)
	at java.base/java.util.ArrayList.forEach(ArrayList.java:1511)
... Removed 29 stack frames</div></td></tr></table><p class="totop"><a href="#summary">back to summary</a></p>
<h3 id="m3">com.SocietyManagementSystem.Activities.testscript.createSearchAndDeleteActivitiesTest#createActivites</h3><table class="result"><tr><th>Messages</th></tr><tr><td><div class="messages">Activites created Succesfully</div></td></tr></table><p class="totop"><a href="#summary">back to summary</a></p>
<h3 id="m4">com.SocietyManagementSystem.Activities.testscript.createSearchAndDeleteActivitiesTest#searchActivites</h3><table class="result"><tr><th>Messages</th></tr><tr><td><div class="messages">Activites deleted Succesfully</div></td></tr></table><p class="totop"><a href="#summary">back to summary</a></p>
<h3 id="m5">com.societyManagment.accounts.testscript.createSearchAndDeleteAdminTest#createAdministrator</h3><table class="result"><tr><th class="invisible"/></tr></table><p class="totop"><a href="#summary">back to summary</a></p>
<h3 id="m6">com.societyManagment.accounts.testscript.createSearchAndDeleteAdminTest#deleteAdmin</h3><table class="result"><tr><th class="invisible"/></tr></table><p class="totop"><a href="#summary">back to summary</a></p>
<h3 id="m7">com.societyManagment.accounts.testscript.createSearchAndDeleteAdminTest#printAllAdmin</h3><table class="result"><tr><th>Messages</th></tr><tr><td><div class="messages">admin<br/>Nayan1<br/>Nayan1178<br/>Nayan2<br/>Sanjoy1<br/>Sanjoy1100<br/>Sanjoy1102<br/>Sanjoy111<br/>Sanjoy1114<br/>Sanjoy1115</div></td></tr></table><p class="totop"><a href="#summary">back to summary</a></p>
<h3 id="m8">com.societyManagment.accounts.testscript.createSearchAndDeleteAdminTest#searchAdmin</h3><table class="result"><tr><th class="invisible"/></tr></table><p class="totop"><a href="#summary">back to summary</a></p>
<h3 id="m9">com.societyManagment.accounts.testscript.createSearchAndDeleteStudentTest#createStudent</h3><table class="result"><tr><th class="invisible"/></tr></table><p class="totop"><a href="#summary">back to summary</a></p>
<h3 id="m10">com.societyManagment.accounts.testscript.createSearchAndDeleteStudentTest#searchAndDeleteStudent</h3><table class="result"><tr><th class="invisible"/></tr></table><p class="totop"><a href="#summary">back to summary</a></p>
<h3 id="m11">com.societyManagment.expensses.testscript.createSearchAndDeleteExpenssesTest#searchAndDeleteExpensses</h3><table class="result"><tr><th>Messages</th></tr><tr><td><div class="messages">Expensses deleted Successfully</div></td></tr></table><p class="totop"><a href="#summary">back to summary</a></p>
</body>
</html>
