<?xml version="1.0" encoding="UTF-8"?>
<testng-results ignored="6" total="16" passed="9" failed="1" skipped="0">
  <reporter-output>
    <line>
      <![CDATA[Connecting to Data Base]]>
    </line>
    <line>
      <![CDATA[launching Browser]]>
    </line>
    <line>
      <![CDATA[login]]>
    </line>
    <line>
      <![CDATA[Expensses created Successfully]]>
    </line>
    <line>
      <![CDATA[logout]]>
    </line>
    <line>
      <![CDATA[login]]>
    </line>
    <line>
      <![CDATA[Expensses deleted Successfully]]>
    </line>
    <line>
      <![CDATA[logout]]>
    </line>
    <line>
      <![CDATA[closing Browser]]>
    </line>
    <line>
      <![CDATA[launching Browser]]>
    </line>
    <line>
      <![CDATA[login]]>
    </line>
    <line>
      <![CDATA[Activites created Succesfully]]>
    </line>
    <line>
      <![CDATA[logout]]>
    </line>
    <line>
      <![CDATA[login]]>
    </line>
    <line>
      <![CDATA[Activites deleted Succesfully]]>
    </line>
    <line>
      <![CDATA[logout]]>
    </line>
    <line>
      <![CDATA[closing Browser]]>
    </line>
    <line>
      <![CDATA[launching Browser]]>
    </line>
    <line>
      <![CDATA[login]]>
    </line>
    <line>
      <![CDATA[logout]]>
    </line>
    <line>
      <![CDATA[login]]>
    </line>
    <line>
      <![CDATA[logout]]>
    </line>
    <line>
      <![CDATA[closing Browser]]>
    </line>
    <line>
      <![CDATA[launching Browser]]>
    </line>
    <line>
      <![CDATA[login]]>
    </line>
    <line>
      <![CDATA[logout]]>
    </line>
    <line>
      <![CDATA[login]]>
    </line>
    <line>
      <![CDATA[admin]]>
    </line>
    <line>
      <![CDATA[Nayan1]]>
    </line>
    <line>
      <![CDATA[Nayan1178]]>
    </line>
    <line>
      <![CDATA[Nayan2]]>
    </line>
    <line>
      <![CDATA[Sanjoy1]]>
    </line>
    <line>
      <![CDATA[Sanjoy1100]]>
    </line>
    <line>
      <![CDATA[Sanjoy1102]]>
    </line>
    <line>
      <![CDATA[Sanjoy111]]>
    </line>
    <line>
      <![CDATA[Sanjoy1114]]>
    </line>
    <line>
      <![CDATA[Sanjoy1115]]>
    </line>
    <line>
      <![CDATA[logout]]>
    </line>
    <line>
      <![CDATA[login]]>
    </line>
    <line>
      <![CDATA[logout]]>
    </line>
    <line>
      <![CDATA[login]]>
    </line>
    <line>
      <![CDATA[logout]]>
    </line>
    <line>
      <![CDATA[closing Browser]]>
    </line>
    <line>
      <![CDATA[Closing Data Base]]>
    </line>
  </reporter-output>
  <suite started-at="2023-01-13T09:53:48 IST" name="Suite" finished-at="2023-01-13T09:55:10 IST" duration-ms="82088">
    <groups>
      <group name="Regression">
        <method signature="createSearchAndDeleteActivitiesTest.searchActivites()[pri:0, instance:com.SocietyManagementSystem.Activities.testscript.createSearchAndDeleteActivitiesTest@747ddf94]" name="searchActivites" class="com.SocietyManagementSystem.Activities.testscript.createSearchAndDeleteActivitiesTest"/>
      </group> <!-- Regression -->
      <group name="Smoke">
        <method signature="createSearchAndDeleteActivitiesTest.createActivites()[pri:0, instance:com.SocietyManagementSystem.Activities.testscript.createSearchAndDeleteActivitiesTest@747ddf94]" name="createActivites" class="com.SocietyManagementSystem.Activities.testscript.createSearchAndDeleteActivitiesTest"/>
        <method signature="createSearchAndDeleteActivitiesTest.searchActivites()[pri:0, instance:com.SocietyManagementSystem.Activities.testscript.createSearchAndDeleteActivitiesTest@747ddf94]" name="searchActivites" class="com.SocietyManagementSystem.Activities.testscript.createSearchAndDeleteActivitiesTest"/>
      </group> <!-- Smoke -->
    </groups>
    <test started-at="2023-01-13T09:53:48 IST" name="Test" finished-at="2023-01-13T09:55:10 IST" duration-ms="82088">
      <class name="com.societyManagment.accounts.testscript.createSearchAndDeleteAdminTest">
        <test-method is-config="true" signature="launchBrowser()[pri:0, instance:com.societyManagment.accounts.testscript.createSearchAndDeleteAdminTest@7d8995e]" started-at="2023-01-13T09:54:41 IST" name="launchBrowser" finished-at="2023-01-13T09:54:43 IST" duration-ms="1419" status="PASS">
          <reporter-output>
            <line>
              <![CDATA[launching Browser]]>
            </line>
          </reporter-output>
        </test-method> <!-- launchBrowser -->
        <test-method is-config="true" signature="loginToApp()[pri:0, instance:com.societyManagment.accounts.testscript.createSearchAndDeleteAdminTest@7d8995e]" started-at="2023-01-13T09:54:43 IST" name="loginToApp" finished-at="2023-01-13T09:54:45 IST" duration-ms="2112" status="PASS">
          <reporter-output>
            <line>
              <![CDATA[login]]>
            </line>
          </reporter-output>
        </test-method> <!-- loginToApp -->
        <test-method signature="createAdministrator()[pri:0, instance:com.societyManagment.accounts.testscript.createSearchAndDeleteAdminTest@7d8995e]" started-at="2023-01-13T09:54:45 IST" name="createAdministrator" finished-at="2023-01-13T09:54:53 IST" duration-ms="8223" status="PASS">
          <reporter-output>
          </reporter-output>
        </test-method> <!-- createAdministrator -->
        <test-method is-config="true" signature="logoutFromApp()[pri:0, instance:com.societyManagment.accounts.testscript.createSearchAndDeleteAdminTest@7d8995e]" started-at="2023-01-13T09:54:53 IST" name="logoutFromApp" finished-at="2023-01-13T09:54:53 IST" duration-ms="369" status="PASS">
          <reporter-output>
            <line>
              <![CDATA[logout]]>
            </line>
          </reporter-output>
        </test-method> <!-- logoutFromApp -->
        <test-method is-config="true" signature="loginToApp()[pri:0, instance:com.societyManagment.accounts.testscript.createSearchAndDeleteAdminTest@7d8995e]" started-at="2023-01-13T09:54:53 IST" name="loginToApp" finished-at="2023-01-13T09:54:54 IST" duration-ms="485" status="PASS">
          <reporter-output>
            <line>
              <![CDATA[login]]>
            </line>
          </reporter-output>
        </test-method> <!-- loginToApp -->
        <test-method signature="printAllAdmin()[pri:0, instance:com.societyManagment.accounts.testscript.createSearchAndDeleteAdminTest@7d8995e]" started-at="2023-01-13T09:54:54 IST" name="printAllAdmin" finished-at="2023-01-13T09:54:58 IST" duration-ms="4089" status="PASS">
          <reporter-output>
            <line>
              <![CDATA[admin]]>
            </line>
            <line>
              <![CDATA[Nayan1]]>
            </line>
            <line>
              <![CDATA[Nayan1178]]>
            </line>
            <line>
              <![CDATA[Nayan2]]>
            </line>
            <line>
              <![CDATA[Sanjoy1]]>
            </line>
            <line>
              <![CDATA[Sanjoy1100]]>
            </line>
            <line>
              <![CDATA[Sanjoy1102]]>
            </line>
            <line>
              <![CDATA[Sanjoy111]]>
            </line>
            <line>
              <![CDATA[Sanjoy1114]]>
            </line>
            <line>
              <![CDATA[Sanjoy1115]]>
            </line>
          </reporter-output>
        </test-method> <!-- printAllAdmin -->
        <test-method is-config="true" signature="logoutFromApp()[pri:0, instance:com.societyManagment.accounts.testscript.createSearchAndDeleteAdminTest@7d8995e]" started-at="2023-01-13T09:54:58 IST" name="logoutFromApp" finished-at="2023-01-13T09:54:58 IST" duration-ms="319" status="PASS">
          <reporter-output>
            <line>
              <![CDATA[logout]]>
            </line>
          </reporter-output>
        </test-method> <!-- logoutFromApp -->
        <test-method is-config="true" signature="loginToApp()[pri:0, instance:com.societyManagment.accounts.testscript.createSearchAndDeleteAdminTest@7d8995e]" started-at="2023-01-13T09:54:58 IST" name="loginToApp" finished-at="2023-01-13T09:54:59 IST" duration-ms="602" status="PASS">
          <reporter-output>
            <line>
              <![CDATA[login]]>
            </line>
          </reporter-output>
        </test-method> <!-- loginToApp -->
        <test-method signature="searchAdmin()[pri:0, instance:com.societyManagment.accounts.testscript.createSearchAndDeleteAdminTest@7d8995e]" started-at="2023-01-13T09:54:59 IST" name="searchAdmin" finished-at="2023-01-13T09:55:03 IST" depends-on-methods="com.societyManagment.accounts.testscript.createSearchAndDeleteAdminTest.createAdministrator" duration-ms="4150" status="PASS">
          <reporter-output>
          </reporter-output>
        </test-method> <!-- searchAdmin -->
        <test-method is-config="true" signature="logoutFromApp()[pri:0, instance:com.societyManagment.accounts.testscript.createSearchAndDeleteAdminTest@7d8995e]" started-at="2023-01-13T09:55:03 IST" name="logoutFromApp" finished-at="2023-01-13T09:55:03 IST" duration-ms="387" status="PASS">
          <reporter-output>
            <line>
              <![CDATA[logout]]>
            </line>
          </reporter-output>
        </test-method> <!-- logoutFromApp -->
        <test-method is-config="true" signature="loginToApp()[pri:0, instance:com.societyManagment.accounts.testscript.createSearchAndDeleteAdminTest@7d8995e]" started-at="2023-01-13T09:55:03 IST" name="loginToApp" finished-at="2023-01-13T09:55:04 IST" duration-ms="425" status="PASS">
          <reporter-output>
            <line>
              <![CDATA[login]]>
            </line>
          </reporter-output>
        </test-method> <!-- loginToApp -->
        <test-method signature="deleteAdmin()[pri:0, instance:com.societyManagment.accounts.testscript.createSearchAndDeleteAdminTest@7d8995e]" started-at="2023-01-13T09:55:04 IST" name="deleteAdmin" finished-at="2023-01-13T09:55:09 IST" depends-on-methods="com.societyManagment.accounts.testscript.createSearchAndDeleteAdminTest.searchAdmin" duration-ms="5396" status="PASS">
          <reporter-output>
          </reporter-output>
        </test-method> <!-- deleteAdmin -->
        <test-method is-config="true" signature="logoutFromApp()[pri:0, instance:com.societyManagment.accounts.testscript.createSearchAndDeleteAdminTest@7d8995e]" started-at="2023-01-13T09:55:09 IST" name="logoutFromApp" finished-at="2023-01-13T09:55:10 IST" duration-ms="410" status="PASS">
          <reporter-output>
            <line>
              <![CDATA[logout]]>
            </line>
          </reporter-output>
        </test-method> <!-- logoutFromApp -->
        <test-method is-config="true" signature="tearDownApplication()[pri:0, instance:com.societyManagment.accounts.testscript.createSearchAndDeleteAdminTest@7d8995e]" started-at="2023-01-13T09:55:10 IST" name="tearDownApplication" finished-at="2023-01-13T09:55:10 IST" duration-ms="264" status="PASS">
          <reporter-output>
            <line>
              <![CDATA[closing Browser]]>
            </line>
          </reporter-output>
        </test-method> <!-- tearDownApplication -->
      </class> <!-- com.societyManagment.accounts.testscript.createSearchAndDeleteAdminTest -->
      <class name="com.societyManagment.accounts.testscript.createSearchAndDeleteStudentTest">
        <test-method is-config="true" signature="launchBrowser()[pri:0, instance:com.societyManagment.accounts.testscript.createSearchAndDeleteStudentTest@35e2d654]" started-at="2023-01-13T09:54:22 IST" name="launchBrowser" finished-at="2023-01-13T09:54:23 IST" duration-ms="1400" status="PASS">
          <reporter-output>
            <line>
              <![CDATA[launching Browser]]>
            </line>
          </reporter-output>
        </test-method> <!-- launchBrowser -->
        <test-method is-config="true" signature="loginToApp()[pri:0, instance:com.societyManagment.accounts.testscript.createSearchAndDeleteStudentTest@35e2d654]" started-at="2023-01-13T09:54:23 IST" name="loginToApp" finished-at="2023-01-13T09:54:27 IST" duration-ms="3082" status="PASS">
          <reporter-output>
            <line>
              <![CDATA[login]]>
            </line>
          </reporter-output>
        </test-method> <!-- loginToApp -->
        <test-method signature="createStudent()[pri:0, instance:com.societyManagment.accounts.testscript.createSearchAndDeleteStudentTest@35e2d654]" started-at="2023-01-13T09:54:27 IST" name="createStudent" finished-at="2023-01-13T09:54:34 IST" duration-ms="7630" status="PASS">
          <reporter-output>
          </reporter-output>
        </test-method> <!-- createStudent -->
        <test-method is-config="true" signature="logoutFromApp()[pri:0, instance:com.societyManagment.accounts.testscript.createSearchAndDeleteStudentTest@35e2d654]" started-at="2023-01-13T09:54:34 IST" name="logoutFromApp" finished-at="2023-01-13T09:54:35 IST" duration-ms="483" status="PASS">
          <reporter-output>
            <line>
              <![CDATA[logout]]>
            </line>
          </reporter-output>
        </test-method> <!-- logoutFromApp -->
        <test-method is-config="true" signature="loginToApp()[pri:0, instance:com.societyManagment.accounts.testscript.createSearchAndDeleteStudentTest@35e2d654]" started-at="2023-01-13T09:54:35 IST" name="loginToApp" finished-at="2023-01-13T09:54:35 IST" duration-ms="536" status="PASS">
          <reporter-output>
            <line>
              <![CDATA[login]]>
            </line>
          </reporter-output>
        </test-method> <!-- loginToApp -->
        <test-method signature="searchAndDeleteStudent()[pri:0, instance:com.societyManagment.accounts.testscript.createSearchAndDeleteStudentTest@35e2d654]" started-at="2023-01-13T09:54:35 IST" name="searchAndDeleteStudent" finished-at="2023-01-13T09:54:40 IST" duration-ms="4552" status="PASS">
          <reporter-output>
          </reporter-output>
        </test-method> <!-- searchAndDeleteStudent -->
        <test-method is-config="true" signature="logoutFromApp()[pri:0, instance:com.societyManagment.accounts.testscript.createSearchAndDeleteStudentTest@35e2d654]" started-at="2023-01-13T09:54:40 IST" name="logoutFromApp" finished-at="2023-01-13T09:54:41 IST" duration-ms="1207" status="FAIL">
          <exception class="org.openqa.selenium.ElementClickInterceptedException">
            <message>
              <![CDATA[element click intercepted: Element <a href="">...</a> is not clickable at point (116, 319). Other element would receive the click: <div class="modal fade in" id="delete_student" tabindex="-1" role="dialog" aria-labelledby="myModallabel" style="display: block; padding-right: 17px;">...</div>
  (Session info: chrome=108.0.5359.125)
Build info: version: '4.3.0', revision: 'a4995e2c09*'
System info: host: 'DESKTOP-5NU9MOJ', ip: '192.168.0.165', os.name: 'Windows 10', os.arch: 'amd64', os.version: '10.0', java.version: '17.0.5'
Driver info: org.openqa.selenium.chrome.ChromeDriver
Command: [2821dcfdebbe1b482219458f7315a2ab, clickElement {id=83e4a101-8f2f-4cfd-9e59-9095ed7043a1}]
Capabilities {acceptInsecureCerts: false, browserName: chrome, browserVersion: 108.0.5359.125, chrome: {chromedriverVersion: 108.0.5359.22 (ec46c90f5938..., userDataDir: C:\Users\hp\AppData\Local\T...}, goog:chromeOptions: {debuggerAddress: localhost:51950}, networkConnectionEnabled: false, pageLoadStrategy: normal, platformName: WINDOWS, proxy: Proxy(), se:cdp: ws://localhost:51950/devtoo..., se:cdpVersion: 108.0.5359.125, setWindowRect: true, strictFileInteractability: false, timeouts: {implicit: 0, pageLoad: 300000, script: 30000}, unhandledPromptBehavior: dismiss and notify, webauthn:extension:credBlob: true, webauthn:extension:largeBlob: true, webauthn:virtualAuthenticators: true}
Element: [[ChromeDriver: chrome on WINDOWS (2821dcfdebbe1b482219458f7315a2ab)] -> xpath: //a[.=' Options']]
Session ID: 2821dcfdebbe1b482219458f7315a2ab]]>
            </message>
            <full-stacktrace>
              <![CDATA[org.openqa.selenium.ElementClickInterceptedException: element click intercepted: Element <a href="">...</a> is not clickable at point (116, 319). Other element would receive the click: <div class="modal fade in" id="delete_student" tabindex="-1" role="dialog" aria-labelledby="myModallabel" style="display: block; padding-right: 17px;">...</div>
  (Session info: chrome=108.0.5359.125)
Build info: version: '4.3.0', revision: 'a4995e2c09*'
System info: host: 'DESKTOP-5NU9MOJ', ip: '192.168.0.165', os.name: 'Windows 10', os.arch: 'amd64', os.version: '10.0', java.version: '17.0.5'
Driver info: org.openqa.selenium.chrome.ChromeDriver
Command: [2821dcfdebbe1b482219458f7315a2ab, clickElement {id=83e4a101-8f2f-4cfd-9e59-9095ed7043a1}]
Capabilities {acceptInsecureCerts: false, browserName: chrome, browserVersion: 108.0.5359.125, chrome: {chromedriverVersion: 108.0.5359.22 (ec46c90f5938..., userDataDir: C:\Users\hp\AppData\Local\T...}, goog:chromeOptions: {debuggerAddress: localhost:51950}, networkConnectionEnabled: false, pageLoadStrategy: normal, platformName: WINDOWS, proxy: Proxy(), se:cdp: ws://localhost:51950/devtoo..., se:cdpVersion: 108.0.5359.125, setWindowRect: true, strictFileInteractability: false, timeouts: {implicit: 0, pageLoad: 300000, script: 30000}, unhandledPromptBehavior: dismiss and notify, webauthn:extension:credBlob: true, webauthn:extension:largeBlob: true, webauthn:virtualAuthenticators: true}
Element: [[ChromeDriver: chrome on WINDOWS (2821dcfdebbe1b482219458f7315a2ab)] -> xpath: //a[.=' Options']]
Session ID: 2821dcfdebbe1b482219458f7315a2ab
at java.base/jdk.internal.reflect.NativeConstructorAccessorImpl.newInstance0(Native Method)
at java.base/jdk.internal.reflect.NativeConstructorAccessorImpl.newInstance(NativeConstructorAccessorImpl.java:77)
at java.base/jdk.internal.reflect.DelegatingConstructorAccessorImpl.newInstance(DelegatingConstructorAccessorImpl.java:45)
at java.base/java.lang.reflect.Constructor.newInstanceWithCaller(Constructor.java:499)
at java.base/java.lang.reflect.Constructor.newInstance(Constructor.java:480)
at org.openqa.selenium.remote.codec.w3c.W3CHttpResponseCodec.createException(W3CHttpResponseCodec.java:200)
at org.openqa.selenium.remote.codec.w3c.W3CHttpResponseCodec.decode(W3CHttpResponseCodec.java:133)
at org.openqa.selenium.remote.codec.w3c.W3CHttpResponseCodec.decode(W3CHttpResponseCodec.java:53)
at org.openqa.selenium.remote.HttpCommandExecutor.execute(HttpCommandExecutor.java:184)
at org.openqa.selenium.remote.service.DriverCommandExecutor.invokeExecute(DriverCommandExecutor.java:167)
at org.openqa.selenium.remote.service.DriverCommandExecutor.execute(DriverCommandExecutor.java:142)
at org.openqa.selenium.remote.RemoteWebDriver.execute(RemoteWebDriver.java:569)
at org.openqa.selenium.remote.RemoteWebElement.execute(RemoteWebElement.java:257)
at org.openqa.selenium.remote.RemoteWebElement.click(RemoteWebElement.java:78)
at jdk.internal.reflect.GeneratedMethodAccessor2.invoke(Unknown Source)
at java.base/jdk.internal.reflect.DelegatingMethodAccessorImpl.invoke(DelegatingMethodAccessorImpl.java:43)
at java.base/java.lang.reflect.Method.invoke(Method.java:568)
at org.openqa.selenium.support.pagefactory.internal.LocatingElementHandler.invoke(LocatingElementHandler.java:52)
at jdk.proxy2/jdk.proxy2.$Proxy22.click(Unknown Source)
at com.societymanagement.pom.HomePage.clickOnoptionPage(HomePage.java:64)
at com.societymanagement.genrics.BaseClass.logoutFromApp(BaseClass.java:81)
at java.base/jdk.internal.reflect.NativeMethodAccessorImpl.invoke0(Native Method)
at java.base/jdk.internal.reflect.NativeMethodAccessorImpl.invoke(NativeMethodAccessorImpl.java:77)
at java.base/jdk.internal.reflect.DelegatingMethodAccessorImpl.invoke(DelegatingMethodAccessorImpl.java:43)
at java.base/java.lang.reflect.Method.invoke(Method.java:568)
at org.testng.internal.MethodInvocationHelper.invokeMethod(MethodInvocationHelper.java:133)
at org.testng.internal.MethodInvocationHelper.invokeMethodConsideringTimeout(MethodInvocationHelper.java:62)
at org.testng.internal.ConfigInvoker.invokeConfigurationMethod(ConfigInvoker.java:385)
at org.testng.internal.ConfigInvoker.invokeConfigurations(ConfigInvoker.java:321)
at org.testng.internal.TestInvoker.runConfigMethods(TestInvoker.java:700)
at org.testng.internal.TestInvoker.runAfterGroupsConfigurations(TestInvoker.java:676)
at org.testng.internal.TestInvoker.invokeMethod(TestInvoker.java:660)
at org.testng.internal.TestInvoker.invokeTestMethod(TestInvoker.java:173)
at org.testng.internal.MethodRunner.runInSequence(MethodRunner.java:46)
at org.testng.internal.TestInvoker$MethodInvocationAgent.invoke(TestInvoker.java:824)
at org.testng.internal.TestInvoker.invokeTestMethods(TestInvoker.java:146)
at org.testng.internal.TestMethodWorker.invokeTestMethods(TestMethodWorker.java:146)
at org.testng.internal.TestMethodWorker.run(TestMethodWorker.java:128)
at java.base/java.util.ArrayList.forEach(ArrayList.java:1511)
at org.testng.TestRunner.privateRun(TestRunner.java:794)
at org.testng.TestRunner.run(TestRunner.java:596)
at org.testng.SuiteRunner.runTest(SuiteRunner.java:377)
at org.testng.SuiteRunner.runSequentially(SuiteRunner.java:371)
at org.testng.SuiteRunner.privateRun(SuiteRunner.java:332)
at org.testng.SuiteRunner.run(SuiteRunner.java:276)
at org.testng.SuiteRunnerWorker.runSuite(SuiteRunnerWorker.java:53)
at org.testng.SuiteRunnerWorker.run(SuiteRunnerWorker.java:96)
at org.testng.TestNG.runSuitesSequentially(TestNG.java:1212)
at org.testng.TestNG.runSuitesLocally(TestNG.java:1134)
at org.testng.TestNG.runSuites(TestNG.java:1063)
at org.testng.TestNG.run(TestNG.java:1031)
at org.testng.remote.AbstractRemoteTestNG.run(AbstractRemoteTestNG.java:115)
at org.testng.remote.RemoteTestNG.initAndRun(RemoteTestNG.java:251)
at org.testng.remote.RemoteTestNG.main(RemoteTestNG.java:77)
]]>
            </full-stacktrace>
          </exception> <!-- org.openqa.selenium.ElementClickInterceptedException -->
          <reporter-output>
            <line>
              <![CDATA[logout]]>
            </line>
          </reporter-output>
        </test-method> <!-- logoutFromApp -->
        <test-method is-config="true" signature="tearDownApplication()[pri:0, instance:com.societyManagment.accounts.testscript.createSearchAndDeleteStudentTest@35e2d654]" started-at="2023-01-13T09:54:41 IST" name="tearDownApplication" finished-at="2023-01-13T09:54:41 IST" duration-ms="262" status="PASS">
          <reporter-output>
            <line>
              <![CDATA[closing Browser]]>
            </line>
          </reporter-output>
        </test-method> <!-- tearDownApplication -->
      </class> <!-- com.societyManagment.accounts.testscript.createSearchAndDeleteStudentTest -->
      <class name="com.societyManagment.expensses.testscript.createSearchAndDeleteExpenssesTest">
        <test-method is-config="true" signature="connectToDb()[pri:0, instance:com.societyManagment.expensses.testscript.createSearchAndDeleteExpenssesTest@4efbca5a]" started-at="2023-01-13T09:53:47 IST" name="connectToDb" finished-at="2023-01-13T09:53:48 IST" duration-ms="607" status="PASS">
          <reporter-output>
            <line>
              <![CDATA[Connecting to Data Base]]>
            </line>
          </reporter-output>
        </test-method> <!-- connectToDb -->
        <test-method is-config="true" signature="launchBrowser()[pri:0, instance:com.societyManagment.expensses.testscript.createSearchAndDeleteExpenssesTest@4efbca5a]" started-at="2023-01-13T09:53:48 IST" name="launchBrowser" finished-at="2023-01-13T09:53:52 IST" duration-ms="3990" status="PASS">
          <reporter-output>
            <line>
              <![CDATA[launching Browser]]>
            </line>
          </reporter-output>
        </test-method> <!-- launchBrowser -->
        <test-method is-config="true" signature="loginToApp()[pri:0, instance:com.societyManagment.expensses.testscript.createSearchAndDeleteExpenssesTest@4efbca5a]" started-at="2023-01-13T09:53:52 IST" name="loginToApp" finished-at="2023-01-13T09:53:54 IST" duration-ms="2106" status="PASS">
          <reporter-output>
            <line>
              <![CDATA[login]]>
            </line>
          </reporter-output>
        </test-method> <!-- loginToApp -->
        <test-method signature="createExpensses()[pri:0, instance:com.societyManagment.expensses.testscript.createSearchAndDeleteExpenssesTest@4efbca5a]" started-at="2023-01-13T09:53:54 IST" name="createExpensses" finished-at="2023-01-13T09:54:00 IST" duration-ms="5911" status="FAIL">
          <exception class="java.lang.AssertionError">
            <message>
              <![CDATA[null]]>
            </message>
            <full-stacktrace>
              <![CDATA[java.lang.AssertionError: null
at org.testng.Assert.fail(Assert.java:99)
at org.testng.Assert.fail(Assert.java:106)
at com.societyManagment.expensses.testscript.createSearchAndDeleteExpenssesTest.createExpensses(createSearchAndDeleteExpenssesTest.java:35)
at java.base/jdk.internal.reflect.NativeMethodAccessorImpl.invoke0(Native Method)
at java.base/jdk.internal.reflect.NativeMethodAccessorImpl.invoke(NativeMethodAccessorImpl.java:77)
at java.base/jdk.internal.reflect.DelegatingMethodAccessorImpl.invoke(DelegatingMethodAccessorImpl.java:43)
at java.base/java.lang.reflect.Method.invoke(Method.java:568)
at org.testng.internal.MethodInvocationHelper.invokeMethod(MethodInvocationHelper.java:133)
at org.testng.internal.TestInvoker.invokeMethod(TestInvoker.java:598)
at org.testng.internal.TestInvoker.invokeTestMethod(TestInvoker.java:173)
at org.testng.internal.MethodRunner.runInSequence(MethodRunner.java:46)
at org.testng.internal.TestInvoker$MethodInvocationAgent.invoke(TestInvoker.java:824)
at org.testng.internal.TestInvoker.invokeTestMethods(TestInvoker.java:146)
at org.testng.internal.TestMethodWorker.invokeTestMethods(TestMethodWorker.java:146)
at org.testng.internal.TestMethodWorker.run(TestMethodWorker.java:128)
at java.base/java.util.ArrayList.forEach(ArrayList.java:1511)
at org.testng.TestRunner.privateRun(TestRunner.java:794)
at org.testng.TestRunner.run(TestRunner.java:596)
at org.testng.SuiteRunner.runTest(SuiteRunner.java:377)
at org.testng.SuiteRunner.runSequentially(SuiteRunner.java:371)
at org.testng.SuiteRunner.privateRun(SuiteRunner.java:332)
at org.testng.SuiteRunner.run(SuiteRunner.java:276)
at org.testng.SuiteRunnerWorker.runSuite(SuiteRunnerWorker.java:53)
at org.testng.SuiteRunnerWorker.run(SuiteRunnerWorker.java:96)
at org.testng.TestNG.runSuitesSequentially(TestNG.java:1212)
at org.testng.TestNG.runSuitesLocally(TestNG.java:1134)
at org.testng.TestNG.runSuites(TestNG.java:1063)
at org.testng.TestNG.run(TestNG.java:1031)
at org.testng.remote.AbstractRemoteTestNG.run(AbstractRemoteTestNG.java:115)
at org.testng.remote.RemoteTestNG.initAndRun(RemoteTestNG.java:251)
at org.testng.remote.RemoteTestNG.main(RemoteTestNG.java:77)
]]>
            </full-stacktrace>
          </exception> <!-- java.lang.AssertionError -->
          <reporter-output>
            <line>
              <![CDATA[Expensses created Successfully]]>
            </line>
          </reporter-output>
        </test-method> <!-- createExpensses -->
        <test-method is-config="true" signature="logoutFromApp()[pri:0, instance:com.societyManagment.expensses.testscript.createSearchAndDeleteExpenssesTest@4efbca5a]" started-at="2023-01-13T09:54:00 IST" name="logoutFromApp" finished-at="2023-01-13T09:54:01 IST" duration-ms="468" status="PASS">
          <reporter-output>
            <line>
              <![CDATA[logout]]>
            </line>
          </reporter-output>
        </test-method> <!-- logoutFromApp -->
        <test-method is-config="true" signature="loginToApp()[pri:0, instance:com.societyManagment.expensses.testscript.createSearchAndDeleteExpenssesTest@4efbca5a]" started-at="2023-01-13T09:54:01 IST" name="loginToApp" finished-at="2023-01-13T09:54:01 IST" duration-ms="527" status="PASS">
          <reporter-output>
            <line>
              <![CDATA[login]]>
            </line>
          </reporter-output>
        </test-method> <!-- loginToApp -->
        <test-method signature="searchAndDeleteExpensses()[pri:0, instance:com.societyManagment.expensses.testscript.createSearchAndDeleteExpenssesTest@4efbca5a]" started-at="2023-01-13T09:54:01 IST" name="searchAndDeleteExpensses" finished-at="2023-01-13T09:54:06 IST" duration-ms="4256" status="PASS">
          <reporter-output>
            <line>
              <![CDATA[Expensses deleted Successfully]]>
            </line>
          </reporter-output>
        </test-method> <!-- searchAndDeleteExpensses -->
        <test-method is-config="true" signature="logoutFromApp()[pri:0, instance:com.societyManagment.expensses.testscript.createSearchAndDeleteExpenssesTest@4efbca5a]" started-at="2023-01-13T09:54:06 IST" name="logoutFromApp" finished-at="2023-01-13T09:54:06 IST" duration-ms="390" status="PASS">
          <reporter-output>
            <line>
              <![CDATA[logout]]>
            </line>
          </reporter-output>
        </test-method> <!-- logoutFromApp -->
        <test-method is-config="true" signature="tearDownApplication()[pri:0, instance:com.societyManagment.expensses.testscript.createSearchAndDeleteExpenssesTest@4efbca5a]" started-at="2023-01-13T09:54:06 IST" name="tearDownApplication" finished-at="2023-01-13T09:54:06 IST" duration-ms="198" status="PASS">
          <reporter-output>
            <line>
              <![CDATA[closing Browser]]>
            </line>
          </reporter-output>
        </test-method> <!-- tearDownApplication -->
        <test-method is-config="true" signature="tearDownDb()[pri:0, instance:com.societyManagment.expensses.testscript.createSearchAndDeleteExpenssesTest@4efbca5a]" started-at="2023-01-13T09:55:11 IST" name="tearDownDb" finished-at="2023-01-13T09:55:11 IST" duration-ms="18" status="PASS">
          <reporter-output>
            <line>
              <![CDATA[Closing Data Base]]>
            </line>
          </reporter-output>
        </test-method> <!-- tearDownDb -->
      </class> <!-- com.societyManagment.expensses.testscript.createSearchAndDeleteExpenssesTest -->
      <class name="com.SocietyManagementSystem.Activities.testscript.createSearchAndDeleteActivitiesTest">
        <test-method is-config="true" signature="launchBrowser()[pri:0, instance:com.SocietyManagementSystem.Activities.testscript.createSearchAndDeleteActivitiesTest@747ddf94]" started-at="2023-01-13T09:54:06 IST" name="launchBrowser" finished-at="2023-01-13T09:54:08 IST" duration-ms="1671" status="PASS">
          <reporter-output>
            <line>
              <![CDATA[launching Browser]]>
            </line>
          </reporter-output>
        </test-method> <!-- launchBrowser -->
        <test-method is-config="true" signature="loginToApp()[pri:0, instance:com.SocietyManagementSystem.Activities.testscript.createSearchAndDeleteActivitiesTest@747ddf94]" started-at="2023-01-13T09:54:08 IST" name="loginToApp" finished-at="2023-01-13T09:54:10 IST" duration-ms="2572" status="PASS">
          <reporter-output>
            <line>
              <![CDATA[login]]>
            </line>
          </reporter-output>
        </test-method> <!-- loginToApp -->
        <test-method signature="createActivites()[pri:0, instance:com.SocietyManagementSystem.Activities.testscript.createSearchAndDeleteActivitiesTest@747ddf94]" started-at="2023-01-13T09:54:10 IST" name="createActivites" finished-at="2023-01-13T09:54:15 IST" duration-ms="5058" status="PASS">
          <reporter-output>
            <line>
              <![CDATA[Activites created Succesfully]]>
            </line>
          </reporter-output>
        </test-method> <!-- createActivites -->
        <test-method is-config="true" signature="logoutFromApp()[pri:0, instance:com.SocietyManagementSystem.Activities.testscript.createSearchAndDeleteActivitiesTest@747ddf94]" started-at="2023-01-13T09:54:15 IST" name="logoutFromApp" finished-at="2023-01-13T09:54:16 IST" duration-ms="463" status="PASS">
          <reporter-output>
            <line>
              <![CDATA[logout]]>
            </line>
          </reporter-output>
        </test-method> <!-- logoutFromApp -->
        <test-method is-config="true" signature="loginToApp()[pri:0, instance:com.SocietyManagementSystem.Activities.testscript.createSearchAndDeleteActivitiesTest@747ddf94]" started-at="2023-01-13T09:54:16 IST" name="loginToApp" finished-at="2023-01-13T09:54:16 IST" duration-ms="481" status="PASS">
          <reporter-output>
            <line>
              <![CDATA[login]]>
            </line>
          </reporter-output>
        </test-method> <!-- loginToApp -->
        <test-method signature="searchActivites()[pri:0, instance:com.SocietyManagementSystem.Activities.testscript.createSearchAndDeleteActivitiesTest@747ddf94]" started-at="2023-01-13T09:54:16 IST" name="searchActivites" finished-at="2023-01-13T09:54:21 IST" duration-ms="4298" status="PASS">
          <reporter-output>
            <line>
              <![CDATA[Activites deleted Succesfully]]>
            </line>
          </reporter-output>
        </test-method> <!-- searchActivites -->
        <test-method is-config="true" signature="logoutFromApp()[pri:0, instance:com.SocietyManagementSystem.Activities.testscript.createSearchAndDeleteActivitiesTest@747ddf94]" started-at="2023-01-13T09:54:21 IST" name="logoutFromApp" finished-at="2023-01-13T09:54:22 IST" duration-ms="1122" status="FAIL">
          <exception class="org.openqa.selenium.ElementClickInterceptedException">
            <message>
              <![CDATA[element click intercepted: Element <a href="">...</a> is not clickable at point (116, 319). Other element would receive the click: <div class="modal fade in" id="delete_activity" tabindex="-1" role="dialog" aria-labelledby="myModallabel" style="display: block; padding-right: 17px;">...</div>
  (Session info: chrome=108.0.5359.125)
Build info: version: '4.3.0', revision: 'a4995e2c09*'
System info: host: 'DESKTOP-5NU9MOJ', ip: '192.168.0.165', os.name: 'Windows 10', os.arch: 'amd64', os.version: '10.0', java.version: '17.0.5'
Driver info: org.openqa.selenium.chrome.ChromeDriver
Command: [9a27a02d59cfd65446d095f50a7f26b0, clickElement {id=b34c33f0-c4e1-4959-a625-228e1402e13d}]
Capabilities {acceptInsecureCerts: false, browserName: chrome, browserVersion: 108.0.5359.125, chrome: {chromedriverVersion: 108.0.5359.22 (ec46c90f5938..., userDataDir: C:\Users\hp\AppData\Local\T...}, goog:chromeOptions: {debuggerAddress: localhost:51929}, networkConnectionEnabled: false, pageLoadStrategy: normal, platformName: WINDOWS, proxy: Proxy(), se:cdp: ws://localhost:51929/devtoo..., se:cdpVersion: 108.0.5359.125, setWindowRect: true, strictFileInteractability: false, timeouts: {implicit: 0, pageLoad: 300000, script: 30000}, unhandledPromptBehavior: dismiss and notify, webauthn:extension:credBlob: true, webauthn:extension:largeBlob: true, webauthn:virtualAuthenticators: true}
Element: [[ChromeDriver: chrome on WINDOWS (9a27a02d59cfd65446d095f50a7f26b0)] -> xpath: //a[.=' Options']]
Session ID: 9a27a02d59cfd65446d095f50a7f26b0]]>
            </message>
            <full-stacktrace>
              <![CDATA[org.openqa.selenium.ElementClickInterceptedException: element click intercepted: Element <a href="">...</a> is not clickable at point (116, 319). Other element would receive the click: <div class="modal fade in" id="delete_activity" tabindex="-1" role="dialog" aria-labelledby="myModallabel" style="display: block; padding-right: 17px;">...</div>
  (Session info: chrome=108.0.5359.125)
Build info: version: '4.3.0', revision: 'a4995e2c09*'
System info: host: 'DESKTOP-5NU9MOJ', ip: '192.168.0.165', os.name: 'Windows 10', os.arch: 'amd64', os.version: '10.0', java.version: '17.0.5'
Driver info: org.openqa.selenium.chrome.ChromeDriver
Command: [9a27a02d59cfd65446d095f50a7f26b0, clickElement {id=b34c33f0-c4e1-4959-a625-228e1402e13d}]
Capabilities {acceptInsecureCerts: false, browserName: chrome, browserVersion: 108.0.5359.125, chrome: {chromedriverVersion: 108.0.5359.22 (ec46c90f5938..., userDataDir: C:\Users\hp\AppData\Local\T...}, goog:chromeOptions: {debuggerAddress: localhost:51929}, networkConnectionEnabled: false, pageLoadStrategy: normal, platformName: WINDOWS, proxy: Proxy(), se:cdp: ws://localhost:51929/devtoo..., se:cdpVersion: 108.0.5359.125, setWindowRect: true, strictFileInteractability: false, timeouts: {implicit: 0, pageLoad: 300000, script: 30000}, unhandledPromptBehavior: dismiss and notify, webauthn:extension:credBlob: true, webauthn:extension:largeBlob: true, webauthn:virtualAuthenticators: true}
Element: [[ChromeDriver: chrome on WINDOWS (9a27a02d59cfd65446d095f50a7f26b0)] -> xpath: //a[.=' Options']]
Session ID: 9a27a02d59cfd65446d095f50a7f26b0
at java.base/jdk.internal.reflect.NativeConstructorAccessorImpl.newInstance0(Native Method)
at java.base/jdk.internal.reflect.NativeConstructorAccessorImpl.newInstance(NativeConstructorAccessorImpl.java:77)
at java.base/jdk.internal.reflect.DelegatingConstructorAccessorImpl.newInstance(DelegatingConstructorAccessorImpl.java:45)
at java.base/java.lang.reflect.Constructor.newInstanceWithCaller(Constructor.java:499)
at java.base/java.lang.reflect.Constructor.newInstance(Constructor.java:480)
at org.openqa.selenium.remote.codec.w3c.W3CHttpResponseCodec.createException(W3CHttpResponseCodec.java:200)
at org.openqa.selenium.remote.codec.w3c.W3CHttpResponseCodec.decode(W3CHttpResponseCodec.java:133)
at org.openqa.selenium.remote.codec.w3c.W3CHttpResponseCodec.decode(W3CHttpResponseCodec.java:53)
at org.openqa.selenium.remote.HttpCommandExecutor.execute(HttpCommandExecutor.java:184)
at org.openqa.selenium.remote.service.DriverCommandExecutor.invokeExecute(DriverCommandExecutor.java:167)
at org.openqa.selenium.remote.service.DriverCommandExecutor.execute(DriverCommandExecutor.java:142)
at org.openqa.selenium.remote.RemoteWebDriver.execute(RemoteWebDriver.java:569)
at org.openqa.selenium.remote.RemoteWebElement.execute(RemoteWebElement.java:257)
at org.openqa.selenium.remote.RemoteWebElement.click(RemoteWebElement.java:78)
at jdk.internal.reflect.GeneratedMethodAccessor2.invoke(Unknown Source)
at java.base/jdk.internal.reflect.DelegatingMethodAccessorImpl.invoke(DelegatingMethodAccessorImpl.java:43)
at java.base/java.lang.reflect.Method.invoke(Method.java:568)
at org.openqa.selenium.support.pagefactory.internal.LocatingElementHandler.invoke(LocatingElementHandler.java:52)
at jdk.proxy2/jdk.proxy2.$Proxy22.click(Unknown Source)
at com.societymanagement.pom.HomePage.clickOnoptionPage(HomePage.java:64)
at com.societymanagement.genrics.BaseClass.logoutFromApp(BaseClass.java:81)
at java.base/jdk.internal.reflect.NativeMethodAccessorImpl.invoke0(Native Method)
at java.base/jdk.internal.reflect.NativeMethodAccessorImpl.invoke(NativeMethodAccessorImpl.java:77)
at java.base/jdk.internal.reflect.DelegatingMethodAccessorImpl.invoke(DelegatingMethodAccessorImpl.java:43)
at java.base/java.lang.reflect.Method.invoke(Method.java:568)
at org.testng.internal.MethodInvocationHelper.invokeMethod(MethodInvocationHelper.java:133)
at org.testng.internal.MethodInvocationHelper.invokeMethodConsideringTimeout(MethodInvocationHelper.java:62)
at org.testng.internal.ConfigInvoker.invokeConfigurationMethod(ConfigInvoker.java:385)
at org.testng.internal.ConfigInvoker.invokeConfigurations(ConfigInvoker.java:321)
at org.testng.internal.TestInvoker.runConfigMethods(TestInvoker.java:700)
at org.testng.internal.TestInvoker.runAfterGroupsConfigurations(TestInvoker.java:676)
at org.testng.internal.TestInvoker.invokeMethod(TestInvoker.java:660)
at org.testng.internal.TestInvoker.invokeTestMethod(TestInvoker.java:173)
at org.testng.internal.MethodRunner.runInSequence(MethodRunner.java:46)
at org.testng.internal.TestInvoker$MethodInvocationAgent.invoke(TestInvoker.java:824)
at org.testng.internal.TestInvoker.invokeTestMethods(TestInvoker.java:146)
at org.testng.internal.TestMethodWorker.invokeTestMethods(TestMethodWorker.java:146)
at org.testng.internal.TestMethodWorker.run(TestMethodWorker.java:128)
at java.base/java.util.ArrayList.forEach(ArrayList.java:1511)
at org.testng.TestRunner.privateRun(TestRunner.java:794)
at org.testng.TestRunner.run(TestRunner.java:596)
at org.testng.SuiteRunner.runTest(SuiteRunner.java:377)
at org.testng.SuiteRunner.runSequentially(SuiteRunner.java:371)
at org.testng.SuiteRunner.privateRun(SuiteRunner.java:332)
at org.testng.SuiteRunner.run(SuiteRunner.java:276)
at org.testng.SuiteRunnerWorker.runSuite(SuiteRunnerWorker.java:53)
at org.testng.SuiteRunnerWorker.run(SuiteRunnerWorker.java:96)
at org.testng.TestNG.runSuitesSequentially(TestNG.java:1212)
at org.testng.TestNG.runSuitesLocally(TestNG.java:1134)
at org.testng.TestNG.runSuites(TestNG.java:1063)
at org.testng.TestNG.run(TestNG.java:1031)
at org.testng.remote.AbstractRemoteTestNG.run(AbstractRemoteTestNG.java:115)
at org.testng.remote.RemoteTestNG.initAndRun(RemoteTestNG.java:251)
at org.testng.remote.RemoteTestNG.main(RemoteTestNG.java:77)
]]>
            </full-stacktrace>
          </exception> <!-- org.openqa.selenium.ElementClickInterceptedException -->
          <reporter-output>
            <line>
              <![CDATA[logout]]>
            </line>
          </reporter-output>
        </test-method> <!-- logoutFromApp -->
        <test-method is-config="true" signature="tearDownApplication()[pri:0, instance:com.SocietyManagementSystem.Activities.testscript.createSearchAndDeleteActivitiesTest@747ddf94]" started-at="2023-01-13T09:54:22 IST" name="tearDownApplication" finished-at="2023-01-13T09:54:22 IST" duration-ms="187" status="PASS">
          <reporter-output>
            <line>
              <![CDATA[closing Browser]]>
            </line>
          </reporter-output>
        </test-method> <!-- tearDownApplication -->
      </class> <!-- com.SocietyManagementSystem.Activities.testscript.createSearchAndDeleteActivitiesTest -->
    </test> <!-- Test -->
  </suite> <!-- Suite -->
</testng-results>
